running 4 test(s)

test #basic_test::test_div_by_zero ... FAILED
ERROR: division by zero
  @ #root::numeric::N32::div (root/numeric/N32.vi:53:16)
  @ #basic_test::test_div_by_zero (basic_test.vi:4:3)

test #basic_test::test_proper_div ... ok
test #basic_test::test_capture_ok ... ok
test #basic_test::test_capture_failed ... FAILED
This should always be printed because of failure
ERROR: This message should also be printed
  @ #basic_test::test_capture_failed (basic_test.vi:20:3)

setting --no-capture
running 4 test(s)

test #basic_test::test_div_by_zero ... FAILED
ERROR: division by zero
  @ #root::numeric::N32::div (root/numeric/N32.vi:53:16)
  @ #basic_test::test_div_by_zero (basic_test.vi:4:3)

test #basic_test::test_proper_div ... ok
test #basic_test::test_capture_ok ... ok
This should be printed if --no-capture is set
test #basic_test::test_capture_failed ... FAILED
This should always be printed because of failure
ERROR: This message should also be printed
  @ #basic_test::test_capture_failed (basic_test.vi:20:3)

